{
  "RSpec": {
    "coverage": {
      "/Users/student/Code/week-challenge/chitter-challenge-apprenticeships/app.rb": {
        "lines": [
          1,
          1,
          null,
          1,
          1,
          1,
          null,
          null,
          1,
          1,
          1,
          1,
          null,
          null,
          1,
          1,
          null,
          null,
          1,
          1,
          1,
          null,
          null,
          null,
          1,
          null
        ]
      },
      "/Users/student/Code/week-challenge/chitter-challenge-apprenticeships/lib/peep.rb": {
        "lines": [
          1,
          null,
          1,
          1,
          2,
          2,
          8,
          null,
          null,
          1,
          1,
          2,
          2,
          null,
          0,
          null,
          null,
          null
        ]
      },
      "/Users/student/Code/week-challenge/chitter-challenge-apprenticeships/spec/features/adding_peeps_spec.rb": {
        "lines": [
          1,
          1,
          1,
          1,
          1,
          null,
          1,
          null,
          null
        ]
      },
      "/Users/student/Code/week-challenge/chitter-challenge-apprenticeships/spec/features/home_page_spec.rb": {
        "lines": [
          1,
          1,
          1,
          1,
          null,
          null
        ]
      },
      "/Users/student/Code/week-challenge/chitter-challenge-apprenticeships/spec/features/viewing_peeps_spec.rb": {
        "lines": [
          1,
          1,
          1,
          1,
          1,
          1,
          null,
          1,
          null,
          1,
          1,
          1,
          null,
          null
        ]
      },
      "/Users/student/Code/week-challenge/chitter-challenge-apprenticeships/spec/peep_spec.rb": {
        "lines": [
          1,
          null,
          1,
          1,
          1,
          1,
          1,
          1,
          1,
          null,
          1,
          null,
          1,
          1,
          1,
          null,
          null,
          null
        ]
      }
    },
    "timestamp": 1604674775
  }
}
